geckodriver.exe: error: Found argument '-e' which wasn't expected, or isn't valid in this context

USAGE:
    geckodriver.exe -v

For more information try --help

geckodriver.exe: error: Found argument '-e' which wasn't expected, or isn't valid in this context

USAGE:
    geckodriver.exe -v

For more information try --help

1581108557644	mozrunner::runner	INFO	Running command: "C:\\Users\\Talon.Pollard\\AppData\\Local\\Mozilla Firefox\\firefox.exe" "-marionette" "-foreground" "-no-remote" "-profile" "C:\\Users\\TALON~1.POL\\AppData\\Local\\Temp\\rust_mozprofileyF4S2b"
1581108559358	addons.webextension.doh-rollout@mozilla.org	WARN	Loading extension 'doh-rollout@mozilla.org': Reading manifest: Invalid extension permission: networkStatus
1581108559653	addons.webextension.screenshots@mozilla.org	WARN	Loading extension 'screenshots@mozilla.org': Reading manifest: Invalid extension permission: mozillaAddons
1581108559653	addons.webextension.screenshots@mozilla.org	WARN	Loading extension 'screenshots@mozilla.org': Reading manifest: Invalid extension permission: telemetry
1581108559653	addons.webextension.screenshots@mozilla.org	WARN	Loading extension 'screenshots@mozilla.org': Reading manifest: Invalid extension permission: resource://pdf.js/
1581108559653	addons.webextension.screenshots@mozilla.org	WARN	Loading extension 'screenshots@mozilla.org': Reading manifest: Invalid extension permission: about:reader*
JavaScript error: resource://gre/modules/XULStore.jsm, line 66: Error: Can't find profile directory.
1581108566363	Marionette	INFO	Listening on port 57993
1581108566717	Marionette	WARN	TLS certificate errors will be ignored for this session
1581108578879	Marionette	INFO	Stopped listening on port 57994

###!!! [Child][RunMessage] Error: Channel closing: too late to send/recv, messages will be lost


###!!! [Child][MessageChannel::SendAndWait] Error: Channel error: cannot send/recv

1581108614979	mozrunner::runner	INFO	Running command: "C:\\Users\\Talon.Pollard\\AppData\\Local\\Mozilla Firefox\\firefox.exe" "-marionette" "-foreground" "-no-remote" "-profile" "C:\\Users\\TALON~1.POL\\AppData\\Local\\Temp\\rust_mozprofile1e0xIs"
1581108615899	addons.webextension.doh-rollout@mozilla.org	WARN	Loading extension 'doh-rollout@mozilla.org': Reading manifest: Invalid extension permission: networkStatus
1581108616136	addons.webextension.screenshots@mozilla.org	WARN	Loading extension 'screenshots@mozilla.org': Reading manifest: Invalid extension permission: mozillaAddons
1581108616136	addons.webextension.screenshots@mozilla.org	WARN	Loading extension 'screenshots@mozilla.org': Reading manifest: Invalid extension permission: telemetry
1581108616136	addons.webextension.screenshots@mozilla.org	WARN	Loading extension 'screenshots@mozilla.org': Reading manifest: Invalid extension permission: resource://pdf.js/
1581108616137	addons.webextension.screenshots@mozilla.org	WARN	Loading extension 'screenshots@mozilla.org': Reading manifest: Invalid extension permission: about:reader*
JavaScript error: resource://gre/modules/XULStore.jsm, line 66: Error: Can't find profile directory.
1581108622189	Marionette	INFO	Listening on port 58100
1581108622605	Marionette	WARN	TLS certificate errors will be ignored for this session
1581108714466	Marionette	INFO	Stopped listening on port 58101

###!!! [Child][MessageChannel::SendAndWait] Error: Channel error: cannot send/recv

